!SESSION 2022-09-17 10:00:17.387 -----------------------------------------------
eclipse.buildId=unknown
java.version=17.0.3.1
java.vendor=Oracle Corporation
BootLoader constants: OS=win32, ARCH=x86_64, WS=win32, NL=en_CA
Framework arguments:  -application PADL_Creator_Cpp_Eclipse.Launcher -directoryCPPFiles=../PADL Generator Tests/rsc/test/C++/ -directoryPtidej=D:/Software/Ptidej Workspaces/v5.3/
Command-line arguments:  -application PADL_Creator_Cpp_Eclipse.Launcher -data D:/Software/Ptidej Workspaces/v5.3/PADL Creator C++ (Eclipse) Helper/Runtime Workspace/ -configuration file:D:/Software/Ptidej Workspaces/v5.3/PADL Creator C++ (Eclipse) Helper/Configuration Area/ -dev file:D:/Software/Ptidej Workspaces/v5.3/PADL Creator C++ (Eclipse) Helper/Configuration Area/dev.properties -directoryCPPFiles=../PADL Generator Tests/rsc/test/C++/ -directoryPtidej=D:/Software/Ptidej Workspaces/v5.3/

!ENTRY org.eclipse.osgi 4 0 2022-09-17 10:00:17.429
!MESSAGE Bundle reference:file:D:/Software/Ptidej Workspaces/v5.3/plugins/PADL_Creator_Cpp_Eclipse_1.5.0.jar not found.

!ENTRY PADL_Creator_Cpp_Eclipse 2 0 2022-09-17 10:00:17.921
!MESSAGE Could not resolve module: PADL_Creator_Cpp_Eclipse [292]
  Unresolved requirement: Require-Bundle: CPL; bundle-version="1.5.0"


!ENTRY org.eclipse.osgi 4 0 2022-09-17 10:00:17.922
!MESSAGE Application error
!STACK 1
java.lang.RuntimeException: Application "PADL_Creator_Cpp_Eclipse.Launcher" could not be found in the registry. The applications available are: org.eclipse.cdt.managedbuilder.core.headlessbuild, org.eclipse.jdt.core.JavaCodeFormatter, org.eclipse.jdt.core.JavaIndexer, org.eclipse.e4.ui.workbench.swt.E4Application, org.eclipse.e4.ui.workbench.swt.GenTopic, org.eclipse.ant.core.antRunner, org.eclipse.cdt.core.GeneratePDOM, org.eclipse.equinox.app.error.
	at org.eclipse.equinox.internal.app.EclipseAppContainer.startDefaultApp(EclipseAppContainer.java:248)
	at org.eclipse.equinox.internal.app.MainApplicationLauncher.run(MainApplicationLauncher.java:29)
	at org.eclipse.core.runtime.internal.adaptor.EclipseAppLauncher.runApplication(EclipseAppLauncher.java:136)
	at org.eclipse.core.runtime.internal.adaptor.EclipseAppLauncher.start(EclipseAppLauncher.java:104)
	at org.eclipse.core.runtime.adaptor.EclipseStarter.run(EclipseStarter.java:402)
	at org.eclipse.core.runtime.adaptor.EclipseStarter.run(EclipseStarter.java:255)
	at padl.creator.cppfile.eclipse.misc.EclipseCPPParserCaller.createCodeLevelModelUsingOSGiEmbedded(EclipseCPPParserCaller.java:127)
	at padl.creator.cppfile.eclipse.CPPCreator.create(CPPCreator.java:28)
	at padl.kernel.impl.CodeLevelModel.create(CodeLevelModel.java:41)
	at padl.generator.helper.ModelGenerator.generateModelFromCppFilesUsingEclipse(ModelGenerator.java:286)
	at padl.generator.helper.ModelGenerator.generateModelFromCppFilesUsingEclipse(ModelGenerator.java:298)
	at padl.generator.test.cases.SanityTest.testGenerateModelFromCppFilesUsingEclipse(SanityTest.java:36)
	at java.base/jdk.internal.reflect.NativeMethodAccessorImpl.invoke0(Native Method)
	at java.base/jdk.internal.reflect.NativeMethodAccessorImpl.invoke(NativeMethodAccessorImpl.java:77)
	at java.base/jdk.internal.reflect.DelegatingMethodAccessorImpl.invoke(DelegatingMethodAccessorImpl.java:43)
	at java.base/java.lang.reflect.Method.invoke(Method.java:568)
	at junit.framework.TestCase.runTest(TestCase.java:177)
	at junit.framework.TestCase.runBare(TestCase.java:142)
	at junit.framework.TestResult$1.protect(TestResult.java:122)
	at junit.framework.TestResult.runProtected(TestResult.java:142)
	at junit.framework.TestResult.run(TestResult.java:125)
	at junit.framework.TestCase.run(TestCase.java:130)
	at junit.framework.TestSuite.runTest(TestSuite.java:241)
	at junit.framework.TestSuite.run(TestSuite.java:236)
	at junit.framework.TestSuite.runTest(TestSuite.java:241)
	at junit.framework.TestSuite.run(TestSuite.java:236)
	at org.junit.internal.runners.JUnit38ClassRunner.run(JUnit38ClassRunner.java:90)
	at org.eclipse.jdt.internal.junit4.runner.JUnit4TestReference.run(JUnit4TestReference.java:93)
	at org.eclipse.jdt.internal.junit.runner.TestExecution.run(TestExecution.java:40)
	at org.eclipse.jdt.internal.junit.runner.RemoteTestRunner.runTests(RemoteTestRunner.java:529)
	at org.eclipse.jdt.internal.junit.runner.RemoteTestRunner.runTests(RemoteTestRunner.java:756)
	at org.eclipse.jdt.internal.junit.runner.RemoteTestRunner.run(RemoteTestRunner.java:452)
	at org.eclipse.jdt.internal.junit.runner.RemoteTestRunner.main(RemoteTestRunner.java:210)
