[DEBUG] 2024-09-19 08:18:53.145 [main] [ptidej.ui.Utils] -  ptidej.ui.Utils
[DEBUG] 2024-09-19 08:18:53.150 [main] [ptidej.ui.Utils] -   uses the image URL: 
[DEBUG] 2024-09-19 08:18:53.151 [main] [ptidej.ui.Utils] -   (
[DEBUG] 2024-09-19 08:18:53.152 [main] [ptidej.ui.Utils] -  PtidejIcon.png
[DEBUG] 2024-09-19 08:18:53.153 [main] [ptidej.ui.Utils] -  )
[DEBUG] 2024-09-24 21:23:21.003 [main] [ptidej.ui.Utils] -  ptidej.ui.Utils
[DEBUG] 2024-09-24 21:23:21.019 [main] [ptidej.ui.Utils] -   uses the image URL: 
[DEBUG] 2024-09-24 21:23:21.019 [main] [ptidej.ui.Utils] -   (
[DEBUG] 2024-09-24 21:23:21.019 [main] [ptidej.ui.Utils] -  PtidejIcon.png
[DEBUG] 2024-09-24 21:23:21.019 [main] [ptidej.ui.Utils] -  )
[DEBUG] 2024-10-10 21:01:42.849 [main] [ptidej.ui.Utils] -  ptidej.ui.Utils
[DEBUG] 2024-10-10 21:01:42.858 [main] [ptidej.ui.Utils] -   uses the image URL: 
[DEBUG] 2024-10-10 21:01:42.859 [main] [ptidej.ui.Utils] -   (
[DEBUG] 2024-10-10 21:01:42.860 [main] [ptidej.ui.Utils] -  PtidejIcon.png
[DEBUG] 2024-10-10 21:01:42.860 [main] [ptidej.ui.Utils] -  )
[DEBUG] 2024-11-29 15:08:55.158 [main] [ptidej.ui.Utils] -  ptidej.ui.Utils
[DEBUG] 2024-11-29 15:08:55.162 [main] [ptidej.ui.Utils] -   uses the image URL: 
[DEBUG] 2024-11-29 15:08:55.163 [main] [ptidej.ui.Utils] -   (
[DEBUG] 2024-11-29 15:08:55.163 [main] [ptidej.ui.Utils] -  PtidejIcon.png
[DEBUG] 2024-11-29 15:08:55.164 [main] [ptidej.ui.Utils] -  )
[DEBUG] 2024-11-29 15:32:50.029 [main] [ptidej.ui.Utils] -  ptidej.ui.Utils
[DEBUG] 2024-11-29 15:32:50.034 [main] [ptidej.ui.Utils] -   uses the image URL: 
[DEBUG] 2024-11-29 15:32:50.035 [main] [ptidej.ui.Utils] -   (
[DEBUG] 2024-11-29 15:32:50.035 [main] [ptidej.ui.Utils] -  PtidejIcon.png
[DEBUG] 2024-11-29 15:32:50.035 [main] [ptidej.ui.Utils] -  )
[DEBUG] 2024-11-29 17:33:38.334 [main] [ptidej.ui.Utils] -  ptidej.ui.Utils
[DEBUG] 2024-11-29 17:33:38.341 [main] [ptidej.ui.Utils] -   uses the image URL: 
[DEBUG] 2024-11-29 17:33:38.343 [main] [ptidej.ui.Utils] -   (
[DEBUG] 2024-11-29 17:33:38.344 [main] [ptidej.ui.Utils] -  PtidejIcon.png
[DEBUG] 2024-11-29 17:33:38.345 [main] [ptidej.ui.Utils] -  )
